# JRE version: Java(TM) SE Runtime Environment (8.0_211-b12) (build 1.8.0_211-b12)
# Java VM: Java HotSpot(TM) 64-Bit Server VM (25.211-b12 mixed mode windows-amd64 compressed oops)
Heap:
 PSYoungGen      total 364032K, used 232975K [0x00000000e0000000, 0x00000000fa080000, 0x0000000100000000)
  eden space 349696K, 62% used [0x00000000e0000000,0x00000000ed5d97c8,0x00000000f5580000)
  from space 14336K, 97% used [0x00000000f6400000,0x00000000f71aa730,0x00000000f7200000)
  to   space 38400K, 0% used [0x00000000f7b00000,0x00000000f7b00000,0x00000000fa080000)
 ParOldGen       total 115712K, used 70966K [0x00000000a0000000, 0x00000000a7100000, 0x00000000e0000000)
  object space 115712K, 61% used [0x00000000a0000000,0x00000000a454db38,0x00000000a7100000)
 Metaspace       used 91780K, capacity 95980K, committed 96128K, reserved 1132544K
  class space    used 12054K, capacity 12872K, committed 12928K, reserved 1048576K
GC Heap History (10 events):
Event: 434.142 GC heap before
{Heap before GC invocations=20 (full 3):
 PSYoungGen      total 321536K, used 321524K [0x00000000e0000000, 0x00000000f5b80000, 0x0000000100000000)
  eden space 296448K, 100% used [0x00000000e0000000,0x00000000f2180000,0x00000000f2180000)
  from space 25088K, 99% used [0x00000000f4200000,0x00000000f5a7d328,0x00000000f5a80000)
  to   space 29696K, 0% used [0x00000000f2180000,0x00000000f2180000,0x00000000f3e80000)
 ParOldGen       total 115712K, used 43940K [0x00000000a0000000, 0x00000000a7100000, 0x00000000e0000000)
  object space 115712K, 37% used [0x00000000a0000000,0x00000000a2ae92a0,0x00000000a7100000)
 Metaspace       used 85997K, capacity 89500K, committed 89728K, reserved 1126400K
  class space    used 11365K, capacity 12060K, committed 12160K, reserved 1048576K
Event: 434.191 GC heap after
Heap after GC invocations=20 (full 3):
 PSYoungGen      total 326144K, used 29691K [0x00000000e0000000, 0x00000000f9a00000, 0x0000000100000000)
  eden space 296448K, 0% used [0x00000000e0000000,0x00000000e0000000,0x00000000f2180000)
  from space 29696K, 99% used [0x00000000f2180000,0x00000000f3e7edb0,0x00000000f3e80000)
  to   space 39936K, 0% used [0x00000000f7300000,0x00000000f7300000,0x00000000f9a00000)
 ParOldGen       total 115712K, used 58469K [0x00000000a0000000, 0x00000000a7100000, 0x00000000e0000000)
  object space 115712K, 50% used [0x00000000a0000000,0x00000000a3919560,0x00000000a7100000)
 Metaspace       used 85997K, capacity 89500K, committed 89728K, reserved 1126400K
  class space    used 11365K, capacity 12060K, committed 12160K, reserved 1048576K
}
Event: 437.028 GC heap before
{Heap before GC invocations=21 (full 3):
 PSYoungGen      total 326144K, used 325140K [0x00000000e0000000, 0x00000000f9a00000, 0x0000000100000000)
  eden space 296448K, 99% used [0x00000000e0000000,0x00000000f2086448,0x00000000f2180000)
  from space 29696K, 99% used [0x00000000f2180000,0x00000000f3e7edb0,0x00000000f3e80000)
  to   space 39936K, 0% used [0x00000000f7300000,0x00000000f7300000,0x00000000f9a00000)
 ParOldGen       total 115712K, used 58469K [0x00000000a0000000, 0x00000000a7100000, 0x00000000e0000000)
  object space 115712K, 50% used [0x00000000a0000000,0x00000000a3919560,0x00000000a7100000)
 Metaspace       used 87046K, capacity 90680K, committed 90880K, reserved 1128448K
  class space    used 11493K, capacity 12210K, committed 12288K, reserved 1048576K
Event: 437.051 GC heap after
Heap after GC invocations=21 (full 3):
 PSYoungGen      total 367616K, used 11702K [0x00000000e0000000, 0x00000000f9280000, 0x0000000100000000)
  eden space 335360K, 0% used [0x00000000e0000000,0x00000000e0000000,0x00000000f4780000)
  from space 32256K, 36% used [0x00000000f7300000,0x00000000f7e6dae0,0x00000000f9280000)
  to   space 38400K, 0% used [0x00000000f4780000,0x00000000f4780000,0x00000000f6d00000)
 ParOldGen       total 115712K, used 70942K [0x00000000a0000000, 0x00000000a7100000, 0x00000000e0000000)
  object space 115712K, 61% used [0x00000000a0000000,0x00000000a4547b38,0x00000000a7100000)
 Metaspace       used 87046K, capacity 90680K, committed 90880K, reserved 1128448K
  class space    used 11493K, capacity 12210K, committed 12288K, reserved 1048576K
}
Event: 1702.841 GC heap before
{Heap before GC invocations=22 (full 3):
 PSYoungGen      total 367616K, used 347062K [0x00000000e0000000, 0x00000000f9280000, 0x0000000100000000)
  eden space 335360K, 100% used [0x00000000e0000000,0x00000000f4780000,0x00000000f4780000)
  from space 32256K, 36% used [0x00000000f7300000,0x00000000f7e6dae0,0x00000000f9280000)
  to   space 38400K, 0% used [0x00000000f4780000,0x00000000f4780000,0x00000000f6d00000)
 ParOldGen       total 115712K, used 70942K [0x00000000a0000000, 0x00000000a7100000, 0x00000000e0000000)
  object space 115712K, 61% used [0x00000000a0000000,0x00000000a4547b38,0x00000000a7100000)
 Metaspace       used 88832K, capacity 92744K, committed 92928K, reserved 1130496K
  class space    used 11672K, capacity 12438K, committed 12544K, reserved 1048576K
Event: 1702.878 GC heap after
Heap after GC invocations=22 (full 3):
 PSYoungGen      total 373760K, used 30336K [0x00000000e0000000, 0x00000000fbb80000, 0x0000000100000000)
  eden space 335360K, 0% used [0x00000000e0000000,0x00000000e0000000,0x00000000f4780000)
  from space 38400K, 79% used [0x00000000f4780000,0x00000000f65203f0,0x00000000f6d00000)
  to   space 41472K, 0% used [0x00000000f9300000,0x00000000f9300000,0x00000000fbb80000)
 ParOldGen       total 115712K, used 70950K [0x00000000a0000000, 0x00000000a7100000, 0x00000000e0000000)
  object space 115712K, 61% used [0x00000000a0000000,0x00000000a4549b38,0x00000000a7100000)
 Metaspace       used 88832K, capacity 92744K, committed 92928K, reserved 1130496K
  class space    used 11672K, capacity 12438K, committed 12544K, reserved 1048576K
}
Event: 1762.408 GC heap before
{Heap before GC invocations=23 (full 3):
 PSYoungGen      total 373760K, used 365696K [0x00000000e0000000, 0x00000000fbb80000, 0x0000000100000000)
  eden space 335360K, 100% used [0x00000000e0000000,0x00000000f4780000,0x00000000f4780000)
  from space 38400K, 79% used [0x00000000f4780000,0x00000000f65203f0,0x00000000f6d00000)
  to   space 41472K, 0% used [0x00000000f9300000,0x00000000f9300000,0x00000000fbb80000)
 ParOldGen       total 115712K, used 70950K [0x00000000a0000000, 0x00000000a7100000, 0x00000000e0000000)
  object space 115712K, 61% used [0x00000000a0000000,0x00000000a4549b38,0x00000000a7100000)
 Metaspace       used 90969K, capacity 95072K, committed 95360K, reserved 1132544K
  class space    used 12013K, capacity 12814K, committed 12928K, reserved 1048576K
Event: 1762.430 GC heap after
Heap after GC invocations=23 (full 3):
 PSYoungGen      total 397312K, used 9142K [0x00000000e0000000, 0x00000000fb300000, 0x0000000100000000)
  eden space 364544K, 0% used [0x00000000e0000000,0x00000000e0000000,0x00000000f6400000)
  from space 32768K, 27% used [0x00000000f9300000,0x00000000f9bed9a0,0x00000000fb300000)
  to   space 40448K, 0% used [0x00000000f6400000,0x00000000f6400000,0x00000000f8b80000)
 ParOldGen       total 115712K, used 70958K [0x00000000a0000000, 0x00000000a7100000, 0x00000000e0000000)
  object space 115712K, 61% used [0x00000000a0000000,0x00000000a454bb38,0x00000000a7100000)
 Metaspace       used 90969K, capacity 95072K, committed 95360K, reserved 1132544K
  class space    used 12013K, capacity 12814K, committed 12928K, reserved 1048576K
}
Event: 1805.032 GC heap before
{Heap before GC invocations=24 (full 3):
 PSYoungGen      total 397312K, used 373686K [0x00000000e0000000, 0x00000000fb300000, 0x0000000100000000)
  eden space 364544K, 100% used [0x00000000e0000000,0x00000000f6400000,0x00000000f6400000)
  from space 32768K, 27% used [0x00000000f9300000,0x00000000f9bed9a0,0x00000000fb300000)
  to   space 40448K, 0% used [0x00000000f6400000,0x00000000f6400000,0x00000000f8b80000)
 ParOldGen       total 115712K, used 70958K [0x00000000a0000000, 0x00000000a7100000, 0x00000000e0000000)
  object space 115712K, 61% used [0x00000000a0000000,0x00000000a454bb38,0x00000000a7100000)
 Metaspace       used 91530K, capacity 95752K, committed 95872K, reserved 1132544K
  class space    used 12025K, capacity 12830K, committed 12928K, reserved 1048576K
Event: 1805.055 GC heap after
Heap after GC invocations=24 (full 3):
 PSYoungGen      total 364032K, used 13993K [0x00000000e0000000, 0x00000000fa080000, 0x0000000100000000)
  eden space 349696K, 0% used [0x00000000e0000000,0x00000000e0000000,0x00000000f5580000)
  from space 14336K, 97% used [0x00000000f6400000,0x00000000f71aa730,0x00000000f7200000)
  to   space 38400K, 0% used [0x00000000f7b00000,0x00000000f7b00000,0x00000000fa080000)
 ParOldGen       total 115712K, used 70966K [0x00000000a0000000, 0x00000000a7100000, 0x00000000e0000000)
  object space 115712K, 61% used [0x00000000a0000000,0x00000000a454db38,0x00000000a7100000)
 Metaspace       used 91530K, capacity 95752K, committed 95872K, reserved 1132544K
  class space    used 12025K, capacity 12830K, committed 12928K, reserved 1048576K
}

