# JRE version: Java(TM) SE Runtime Environment (8.0_211-b12) (build 1.8.0_211-b12)
# Java VM: Java HotSpot(TM) 64-Bit Server VM (25.211-b12 mixed mode windows-amd64 compressed oops)
Heap:
 PSYoungGen      total 325120K, used 130958K [0x00000000e0000000, 0x00000000f8100000, 0x0000000100000000)
  eden space 259584K, 34% used [0x00000000e0000000,0x00000000e5649198,0x00000000efd80000)
  from space 65536K, 65% used [0x00000000efd80000,0x00000000f271aa08,0x00000000f3d80000)
  to   space 65024K, 0% used [0x00000000f4180000,0x00000000f4180000,0x00000000f8100000)
 ParOldGen       total 237056K, used 54676K [0x00000000a0000000, 0x00000000ae780000, 0x00000000e0000000)
  object space 237056K, 23% used [0x00000000a0000000,0x00000000a35653a8,0x00000000ae780000)
 Metaspace       used 134419K, capacity 140121K, committed 140288K, reserved 1171456K
  class space    used 17026K, capacity 18041K, committed 18176K, reserved 1048576K
GC Heap History (10 events):
Event: 4278.770 GC heap before
{Heap before GC invocations=35 (full 4):
 PSYoungGen      total 307200K, used 274900K [0x00000000e0000000, 0x00000000f7080000, 0x0000000100000000)
  eden space 247296K, 100% used [0x00000000e0000000,0x00000000ef180000,0x00000000ef180000)
  from space 59904K, 46% used [0x00000000f3600000,0x00000000f50f5360,0x00000000f7080000)
  to   space 65024K, 0% used [0x00000000ef180000,0x00000000ef180000,0x00000000f3100000)
 ParOldGen       total 237056K, used 54594K [0x00000000a0000000, 0x00000000ae780000, 0x00000000e0000000)
  object space 237056K, 23% used [0x00000000a0000000,0x00000000a3550be8,0x00000000ae780000)
 Metaspace       used 133282K, capacity 138361K, committed 138496K, reserved 1169408K
  class space    used 16933K, capacity 17877K, committed 17920K, reserved 1048576K
Event: 4278.788 GC heap after
Heap after GC invocations=35 (full 4):
 PSYoungGen      total 312320K, used 27238K [0x00000000e0000000, 0x00000000f7680000, 0x0000000100000000)
  eden space 247296K, 0% used [0x00000000e0000000,0x00000000e0000000,0x00000000ef180000)
  from space 65024K, 41% used [0x00000000ef180000,0x00000000f0c19940,0x00000000f3100000)
  to   space 62464K, 0% used [0x00000000f3980000,0x00000000f3980000,0x00000000f7680000)
 ParOldGen       total 237056K, used 54610K [0x00000000a0000000, 0x00000000ae780000, 0x00000000e0000000)
  object space 237056K, 23% used [0x00000000a0000000,0x00000000a3554be8,0x00000000ae780000)
 Metaspace       used 133282K, capacity 138361K, committed 138496K, reserved 1169408K
  class space    used 16933K, capacity 17877K, committed 17920K, reserved 1048576K
}
Event: 4350.695 GC heap before
{Heap before GC invocations=36 (full 4):
 PSYoungGen      total 312320K, used 274534K [0x00000000e0000000, 0x00000000f7680000, 0x0000000100000000)
  eden space 247296K, 100% used [0x00000000e0000000,0x00000000ef180000,0x00000000ef180000)
  from space 65024K, 41% used [0x00000000ef180000,0x00000000f0c19940,0x00000000f3100000)
  to   space 62464K, 0% used [0x00000000f3980000,0x00000000f3980000,0x00000000f7680000)
 ParOldGen       total 237056K, used 54643K [0x00000000a0000000, 0x00000000ae780000, 0x00000000e0000000)
  object space 237056K, 23% used [0x00000000a0000000,0x00000000a355cc28,0x00000000ae780000)
 Metaspace       used 133904K, capacity 139477K, committed 139648K, reserved 1171456K
  class space    used 16997K, capacity 17983K, committed 18048K, reserved 1048576K
Event: 4350.719 GC heap after
Heap after GC invocations=36 (full 4):
 PSYoungGen      total 310784K, used 33044K [0x00000000e0000000, 0x00000000f6f00000, 0x0000000100000000)
  eden space 256000K, 0% used [0x00000000e0000000,0x00000000e0000000,0x00000000efa00000)
  from space 54784K, 60% used [0x00000000f3980000,0x00000000f59c52f0,0x00000000f6f00000)
  to   space 59904K, 0% used [0x00000000efa00000,0x00000000efa00000,0x00000000f3480000)
 ParOldGen       total 237056K, used 54651K [0x00000000a0000000, 0x00000000ae780000, 0x00000000e0000000)
  object space 237056K, 23% used [0x00000000a0000000,0x00000000a355ec28,0x00000000ae780000)
 Metaspace       used 133904K, capacity 139477K, committed 139648K, reserved 1171456K
  class space    used 16997K, capacity 17983K, committed 18048K, reserved 1048576K
}
Event: 7176.588 GC heap before
{Heap before GC invocations=37 (full 4):
 PSYoungGen      total 310784K, used 289044K [0x00000000e0000000, 0x00000000f6f00000, 0x0000000100000000)
  eden space 256000K, 100% used [0x00000000e0000000,0x00000000efa00000,0x00000000efa00000)
  from space 54784K, 60% used [0x00000000f3980000,0x00000000f59c52f0,0x00000000f6f00000)
  to   space 59904K, 0% used [0x00000000efa00000,0x00000000efa00000,0x00000000f3480000)
 ParOldGen       total 237056K, used 54652K [0x00000000a0000000, 0x00000000ae780000, 0x00000000e0000000)
  object space 237056K, 23% used [0x00000000a0000000,0x00000000a355f3a8,0x00000000ae780000)
 Metaspace       used 134177K, capacity 139803K, committed 139904K, reserved 1171456K
  class space    used 17020K, capacity 18032K, committed 18048K, reserved 1048576K
Event: 7176.647 GC heap after
Heap after GC invocations=37 (full 4):
 PSYoungGen      total 315904K, used 47763K [0x00000000e0000000, 0x00000000f7b00000, 0x0000000100000000)
  eden space 256000K, 0% used [0x00000000e0000000,0x00000000e0000000,0x00000000efa00000)
  from space 59904K, 79% used [0x00000000efa00000,0x00000000f28a4f10,0x00000000f3480000)
  to   space 62976K, 0% used [0x00000000f3d80000,0x00000000f3d80000,0x00000000f7b00000)
 ParOldGen       total 237056K, used 54660K [0x00000000a0000000, 0x00000000ae780000, 0x00000000e0000000)
  object space 237056K, 23% used [0x00000000a0000000,0x00000000a35613a8,0x00000000ae780000)
 Metaspace       used 134177K, capacity 139803K, committed 139904K, reserved 1171456K
  class space    used 17020K, capacity 18032K, committed 18048K, reserved 1048576K
}
Event: 8269.941 GC heap before
{Heap before GC invocations=38 (full 4):
 PSYoungGen      total 315904K, used 303763K [0x00000000e0000000, 0x00000000f7b00000, 0x0000000100000000)
  eden space 256000K, 100% used [0x00000000e0000000,0x00000000efa00000,0x00000000efa00000)
  from space 59904K, 79% used [0x00000000efa00000,0x00000000f28a4f10,0x00000000f3480000)
  to   space 62976K, 0% used [0x00000000f3d80000,0x00000000f3d80000,0x00000000f7b00000)
 ParOldGen       total 237056K, used 54660K [0x00000000a0000000, 0x00000000ae780000, 0x00000000e0000000)
  object space 237056K, 23% used [0x00000000a0000000,0x00000000a35613a8,0x00000000ae780000)
 Metaspace       used 134253K, capacity 139819K, committed 139904K, reserved 1171456K
  class space    used 17022K, capacity 18034K, committed 18048K, reserved 1048576K
Event: 8270.127 GC heap after
Heap after GC invocations=38 (full 4):
 PSYoungGen      total 322560K, used 48024K [0x00000000e0000000, 0x00000000f7e80000, 0x0000000100000000)
  eden space 259584K, 0% used [0x00000000e0000000,0x00000000e0000000,0x00000000efd80000)
  from space 62976K, 76% used [0x00000000f3d80000,0x00000000f6c663b8,0x00000000f7b00000)
  to   space 65536K, 0% used [0x00000000efd80000,0x00000000efd80000,0x00000000f3d80000)
 ParOldGen       total 237056K, used 54668K [0x00000000a0000000, 0x00000000ae780000, 0x00000000e0000000)
  object space 237056K, 23% used [0x00000000a0000000,0x00000000a35633a8,0x00000000ae780000)
 Metaspace       used 134253K, capacity 139819K, committed 139904K, reserved 1171456K
  class space    used 17022K, capacity 18034K, committed 18048K, reserved 1048576K
}
Event: 8290.547 GC heap before
{Heap before GC invocations=39 (full 4):
 PSYoungGen      total 322560K, used 307608K [0x00000000e0000000, 0x00000000f7e80000, 0x0000000100000000)
  eden space 259584K, 100% used [0x00000000e0000000,0x00000000efd80000,0x00000000efd80000)
  from space 62976K, 76% used [0x00000000f3d80000,0x00000000f6c663b8,0x00000000f7b00000)
  to   space 65536K, 0% used [0x00000000efd80000,0x00000000efd80000,0x00000000f3d80000)
 ParOldGen       total 237056K, used 54668K [0x00000000a0000000, 0x00000000ae780000, 0x00000000e0000000)
  object space 237056K, 23% used [0x00000000a0000000,0x00000000a35633a8,0x00000000ae780000)
 Metaspace       used 134353K, capacity 140057K, committed 140288K, reserved 1171456K
  class space    used 17026K, capacity 18041K, committed 18176K, reserved 1048576K
Event: 8290.601 GC heap after
Heap after GC invocations=39 (full 4):
 PSYoungGen      total 325120K, used 42602K [0x00000000e0000000, 0x00000000f8100000, 0x0000000100000000)
  eden space 259584K, 0% used [0x00000000e0000000,0x00000000e0000000,0x00000000efd80000)
  from space 65536K, 65% used [0x00000000efd80000,0x00000000f271aa08,0x00000000f3d80000)
  to   space 65024K, 0% used [0x00000000f4180000,0x00000000f4180000,0x00000000f8100000)
 ParOldGen       total 237056K, used 54676K [0x00000000a0000000, 0x00000000ae780000, 0x00000000e0000000)
  object space 237056K, 23% used [0x00000000a0000000,0x00000000a35653a8,0x00000000ae780000)
 Metaspace       used 134353K, capacity 140057K, committed 140288K, reserved 1171456K
  class space    used 17026K, capacity 18041K, committed 18176K, reserved 1048576K
}

